f:\faster_rcnn\caffe-master\windows\rubbish_detect\rubbish_detect\rubbish_detect\x64\release\rubbish_detect.pch
f:\faster_rcnn\caffe-master\windows\rubbish_detect\rubbish_detect\rubbish_detect\x64\release\vc120.pdb
f:\faster_rcnn\caffe-master\windows\rubbish_detect\rubbish_detect\rubbish_detect\x64\release\stdafx.obj
f:\faster_rcnn\caffe-master\windows\rubbish_detect\rubbish_detect\rubbish_detect\x64\release\rubbish_detectdlg.obj
f:\faster_rcnn\caffe-master\windows\rubbish_detect\rubbish_detect\rubbish_detect\x64\release\rubbish_detect.obj
f:\faster_rcnn\caffe-master\windows\rubbish_detect\rubbish_detect\rubbish_detect\x64\release\img_processor.obj
f:\faster_rcnn\caffe-master\windows\rubbish_detect\rubbish_detect\rubbish_detect\x64\release\cvvimage.obj
f:\faster_rcnn\caffe-master\windows\rubbish_detect\rubbish_detect\rubbish_detect\x64\release\caffe_net.obj
f:\faster_rcnn\caffe-master\windows\rubbish_detect\rubbish_detect\x64\release\rubbish_detect.exe
f:\faster_rcnn\caffe-master\windows\rubbish_detect\rubbish_detect\x64\release\rubbish_detect.pdb
f:\faster_rcnn\caffe-master\windows\rubbish_detect\rubbish_detect\rubbish_detect\x64\release\rubbish_detect.res
f:\faster_rcnn\caffe-master\windows\rubbish_detect\rubbish_detect\rubbish_detect\x64\release\rubbish_detect.tlog\cl.command.1.tlog
f:\faster_rcnn\caffe-master\windows\rubbish_detect\rubbish_detect\rubbish_detect\x64\release\rubbish_detect.tlog\cl.read.1.tlog
f:\faster_rcnn\caffe-master\windows\rubbish_detect\rubbish_detect\rubbish_detect\x64\release\rubbish_detect.tlog\cl.write.1.tlog
f:\faster_rcnn\caffe-master\windows\rubbish_detect\rubbish_detect\rubbish_detect\x64\release\rubbish_detect.tlog\link.command.1.tlog
f:\faster_rcnn\caffe-master\windows\rubbish_detect\rubbish_detect\rubbish_detect\x64\release\rubbish_detect.tlog\link.read.1.tlog
f:\faster_rcnn\caffe-master\windows\rubbish_detect\rubbish_detect\rubbish_detect\x64\release\rubbish_detect.tlog\link.write.1.tlog
f:\faster_rcnn\caffe-master\windows\rubbish_detect\rubbish_detect\rubbish_detect\x64\release\rubbish_detect.tlog\rc.command.1.tlog
f:\faster_rcnn\caffe-master\windows\rubbish_detect\rubbish_detect\rubbish_detect\x64\release\rubbish_detect.tlog\rc.read.1.tlog
f:\faster_rcnn\caffe-master\windows\rubbish_detect\rubbish_detect\rubbish_detect\x64\release\rubbish_detect.tlog\rc.write.1.tlog
