f:\faster_rcnn\caffe-master\windows\rubbish_detect\rubbish_detect\rubbish_detect\x64\debug\rubbish_detect.pch
f:\faster_rcnn\caffe-master\windows\rubbish_detect\rubbish_detect\rubbish_detect\x64\debug\vc120.pdb
f:\faster_rcnn\caffe-master\windows\rubbish_detect\rubbish_detect\rubbish_detect\x64\debug\vc120.idb
f:\faster_rcnn\caffe-master\windows\rubbish_detect\rubbish_detect\rubbish_detect\x64\debug\stdafx.obj
f:\faster_rcnn\caffe-master\windows\rubbish_detect\rubbish_detect\rubbish_detect\x64\debug\caffe_net.obj
f:\faster_rcnn\caffe-master\windows\rubbish_detect\rubbish_detect\rubbish_detect\x64\debug\cvvimage.obj
f:\faster_rcnn\caffe-master\windows\rubbish_detect\rubbish_detect\rubbish_detect\x64\debug\img_processor.obj
f:\faster_rcnn\caffe-master\windows\rubbish_detect\rubbish_detect\rubbish_detect\x64\debug\rubbish_detect.obj
f:\faster_rcnn\caffe-master\windows\rubbish_detect\rubbish_detect\rubbish_detect\x64\debug\rubbish_detectdlg.obj
f:\faster_rcnn\caffe-master\windows\rubbish_detect\rubbish_detect\x64\debug\rubbish_detect.ilk
f:\faster_rcnn\caffe-master\windows\rubbish_detect\rubbish_detect\x64\debug\rubbish_detect.exe
f:\faster_rcnn\caffe-master\windows\rubbish_detect\rubbish_detect\x64\debug\rubbish_detect.pdb
f:\faster_rcnn\caffe-master\windows\rubbish_detect\rubbish_detect\rubbish_detect\x64\debug\rubbish_detect.res
f:\faster_rcnn\caffe-master\windows\rubbish_detect\rubbish_detect\rubbish_detect\x64\debug\rubbish_detect.tlog\cl.command.1.tlog
f:\faster_rcnn\caffe-master\windows\rubbish_detect\rubbish_detect\rubbish_detect\x64\debug\rubbish_detect.tlog\cl.read.1.tlog
f:\faster_rcnn\caffe-master\windows\rubbish_detect\rubbish_detect\rubbish_detect\x64\debug\rubbish_detect.tlog\cl.write.1.tlog
f:\faster_rcnn\caffe-master\windows\rubbish_detect\rubbish_detect\rubbish_detect\x64\debug\rubbish_detect.tlog\link.command.1.tlog
f:\faster_rcnn\caffe-master\windows\rubbish_detect\rubbish_detect\rubbish_detect\x64\debug\rubbish_detect.tlog\link.read.1.tlog
f:\faster_rcnn\caffe-master\windows\rubbish_detect\rubbish_detect\rubbish_detect\x64\debug\rubbish_detect.tlog\link.write.1.tlog
f:\faster_rcnn\caffe-master\windows\rubbish_detect\rubbish_detect\rubbish_detect\x64\debug\rubbish_detect.tlog\rc.command.1.tlog
f:\faster_rcnn\caffe-master\windows\rubbish_detect\rubbish_detect\rubbish_detect\x64\debug\rubbish_detect.tlog\rc.read.1.tlog
f:\faster_rcnn\caffe-master\windows\rubbish_detect\rubbish_detect\rubbish_detect\x64\debug\rubbish_detect.tlog\rc.write.1.tlog
